system          > 
system          > ConTeXt  ver: 2024.11.01 19:19 LMTX  fmt: 2024.11.16  int: english/english
system          > 
system          > 'cont-new.mkxl' loaded
open source     > level 1, order 1, name '/home/niklas/context/tex/texmf-context/tex/context/base/mkxl/cont-new.mkxl'
system          > beware: some patches loaded from cont-new.mkiv
close source    > level 1, order 1, name '/home/niklas/context/tex/texmf-context/tex/context/base/mkxl/cont-new.mkxl'
system          > files > jobname './prd_midsummer_youth', input './prd_midsummer_youth.tex', result './prd_midsummer_youth'
fonts           > latin modern fonts are not preloaded
languages       > language 'en' is active
open source     > level 1, order 2, name './prd_midsummer_youth.tex'
fonts           > preloading latin modern fonts (second stage)
fonts           > 'fallback modern rm 12pt' is loaded
open source     > level 2, order 3, name 'project_drama.tex'
open source     > level 3, order 4, name 'env_drama.tex'
open source     > level 4, order 5, name '/home/niklas/context/tex/texmf-context/tex/context/fonts/mkiv/type-imp-texgyre.mkiv'
close source    > level 4, order 5, name '/home/niklas/context/tex/texmf-context/tex/context/fonts/mkiv/type-imp-texgyre.mkiv'
close source    > level 3, order 5, name 'env_drama.tex'
close source    > level 2, order 5, name 'project_drama.tex'
structures      > begin of sectionblock 'frontpart'
open source     > level 2, order 6, name 'c_titlepage.tex'
fonts           > defining > font with asked name 'dejavusansmono' is not found using lookup 'file'
fonts           > defining > unable to define 'dejavusansmono' as 'infofont--0'
metapost        > initializing instance 'metafun:1' using format 'metafun' and method 'double'
metapost        > loading 'metafun' as '/home/niklas/context/tex/texmf-context/metapost/context/base/mpxl/metafun.mpxl' using method 'double'
metapost        > initializing number mode 'double'
metapost        > trace > This is MPLIB for LuaMetaTeX, version 3.15, running in double mode.
metapost        > trace > 
metapost        > trace > loading metafun for lmtx, including the plain 1.004 base definitions
metapost        > trace > 
pages           > flushing realpage 1, userpage 1, subpage 1
pages           > flushing realpage 2, userpage 1, subpage 2
close source    > level 2, order 6, name 'c_titlepage.tex'
structures      > end of sectionblock 'frontpart'
structures      > begin of sectionblock 'bodypart'
open source     > level 2, order 7, name 'c_act_2.tex'
structure       > sectioning > chapter @ level 2 : 0.1 -> Act 2
structure       > sectioning > section @ level 3 : 0.1.1 -> Scene 1
close source    > level 2, order 7, name 'c_act_2.tex'
structures      > end of sectionblock 'bodypart'
pages           > flushing realpage 3
pages           > flushing realpage 4, userpage 2, subpage 4
close source    > level 1, order 7, name './prd_midsummer_youth.tex'
backend         > xmp > using file '/home/niklas/context/tex/texmf-context/tex/context/base/mkiv/lpdf-pdx.xml'
system          > start used files
system          > text: prd_midsummer_youth
system          >   product: prd_midsummer_youth
system          >     project: project_school
system          >       environment: \mainlanguage [en]
system          >     component: c_titlepage
system          >     component: act_2
system          > stop used files
system          > start used files
system          >    1: filename=publ-imp-default.lua filetype=lua foundname=/home/niklas/context/tex/texmf-context/tex/context/base/mkiv/publ-imp-default.lua fullname=/home/niklas/context/tex/texmf-context/tex/context/base/mkiv/publ-imp-default.lua usedmethod=otherwise
system          >    2: filename=cont-new.mkxl filetype=tex foundname=/home/niklas/context/tex/texmf-context/tex/context/base/mkxl/cont-new.mkxl fullname=/home/niklas/context/tex/texmf-context/tex/context/base/mkxl/cont-new.mkxl usedmethod=otherwise
system          >    3: filename=lang-exc.lua filetype=lua foundname=/home/niklas/context/tex/texmf-context/tex/context/base/mkiv/lang-exc.lua fullname=/home/niklas/context/tex/texmf-context/tex/context/base/mkiv/lang-exc.lua usedmethod=otherwise
system          >    4: filename=lang-us.lua filetype=lua foundname=/home/niklas/context/tex/texmf-context/tex/context/patterns/mkiv/lang-us.lua fullname=/home/niklas/context/tex/texmf-context/tex/context/patterns/mkiv/lang-us.lua usedmethod=otherwise
system          >    5: filename=/home/niklas/projects/schule/msnd_youth/prd_midsummer_youth.tex format=tex foundname=/home/niklas/projects/schule/msnd_youth/prd_midsummer_youth.tex fullname=/home/niklas/projects/schule/msnd_youth/prd_midsummer_youth.tex usedmethod=direct
system          >    6: filename=lm.lfg filetype=tex foundname=/home/niklas/context/tex/texmf-context/tex/context/fonts/mkiv/lm.lfg fullname=/home/niklas/context/tex/texmf-context/tex/context/fonts/mkiv/lm.lfg usedmethod=otherwise
system          >    7: filename=lmroman10-regular filetype=otf format=otf foundname=/home/niklas/context/tex/texmf/fonts/data/gust/lm/lmroman10-regular.otf fullname=/home/niklas/context/tex/texmf/fonts/data/gust/lm/lmroman10-regular.otf usedmethod=otherwise
system          >    8: filename=modern-text.lfg filetype=tex foundname=/home/niklas/context/tex/texmf-context/tex/context/fonts/mkiv/modern-text.lfg fullname=/home/niklas/context/tex/texmf-context/tex/context/fonts/mkiv/modern-text.lfg usedmethod=otherwise
system          >    9: filename=latinmodern-math.otf filetype=otf format=otf foundname=/home/niklas/context/tex/texmf/fonts/data/gust/lm/latinmodern-math.otf fullname=/home/niklas/context/tex/texmf/fonts/data/gust/lm/latinmodern-math.otf usedmethod=otherwise
system          >   10: filename=modern-math.lfg filetype=tex foundname=/home/niklas/context/tex/texmf-context/tex/context/fonts/mkiv/modern-math.lfg fullname=/home/niklas/context/tex/texmf-context/tex/context/fonts/mkiv/modern-math.lfg usedmethod=otherwise
system          >   11: filename=common-math.lfg filetype=tex foundname=/home/niklas/context/tex/texmf-context/tex/context/fonts/mkiv/common-math.lfg fullname=/home/niklas/context/tex/texmf-context/tex/context/fonts/mkiv/common-math.lfg usedmethod=otherwise
system          >   12: filename=latinmodernmathcompanion-regular.otf filetype=otf format=otf foundname=/home/niklas/context/tex/texmf/fonts/data/cms/companion/LatinModernMathCompanion-Regular.otf fullname=/home/niklas/context/tex/texmf/fonts/data/cms/companion/LatinModernMathCompanion-Regular.otf usedmethod=otherwise
system          >   13: filename=project_drama.tex format=tex foundname=project_drama.tex fullname=/home/niklas/projects/schule/msnd_youth/project_drama.tex usedmethod=direct
system          >   14: filename=env_drama.tex format=tex foundname=env_drama.tex fullname=/home/niklas/projects/schule/msnd_youth/env_drama.tex usedmethod=direct
system          >   15: filename=type-imp-texgyre.mkiv filetype=tex foundname=/home/niklas/context/tex/texmf-context/tex/context/fonts/mkiv/type-imp-texgyre.mkiv fullname=/home/niklas/context/tex/texmf-context/tex/context/fonts/mkiv/type-imp-texgyre.mkiv usedmethod=otherwise
system          >   16: filename=texgyrepagella-regular filetype=otf format=otf foundname=/home/niklas/context/tex/texmf/fonts/data/gust/tex-gyre/pagella/texgyrepagella-regular.otf fullname=/home/niklas/context/tex/texmf/fonts/data/gust/tex-gyre/pagella/texgyrepagella-regular.otf usedmethod=otherwise
system          >   17: filename=texgyre-text.lfg filetype=tex foundname=/home/niklas/context/tex/texmf-context/tex/context/fonts/mkiv/texgyre-text.lfg fullname=/home/niklas/context/tex/texmf-context/tex/context/fonts/mkiv/texgyre-text.lfg usedmethod=otherwise
system          >   18: filename=texgyrepagella-math.otf filetype=otf format=otf foundname=/home/niklas/context/tex/texmf/fonts/data/gust/tex-gyre/pagella/texgyrepagella-math.otf fullname=/home/niklas/context/tex/texmf/fonts/data/gust/tex-gyre/pagella/texgyrepagella-math.otf usedmethod=otherwise
system          >   19: filename=pagella-math.lfg filetype=tex foundname=/home/niklas/context/tex/texmf-context/tex/context/fonts/mkiv/pagella-math.lfg fullname=/home/niklas/context/tex/texmf-context/tex/context/fonts/mkiv/pagella-math.lfg usedmethod=otherwise
system          >   20: filename=texgyrepagellamathcompanion-regular.otf filetype=otf format=otf foundname=/home/niklas/context/tex/texmf/fonts/data/cms/companion/TeXGyrePagellaMathCompanion-Regular.otf fullname=/home/niklas/context/tex/texmf/fonts/data/cms/companion/TeXGyrePagellaMathCompanion-Regular.otf usedmethod=otherwise
system          >   21: filename=c_titlepage.tex format=tex foundname=c_titlepage.tex fullname=/home/niklas/projects/schule/msnd_youth/c_titlepage.tex usedmethod=direct
system          >   22: filename=texgyrepagella-bold filetype=otf format=otf foundname=/home/niklas/context/tex/texmf/fonts/data/gust/tex-gyre/pagella/texgyrepagella-bold.otf fullname=/home/niklas/context/tex/texmf/fonts/data/gust/tex-gyre/pagella/texgyrepagella-bold.otf usedmethod=otherwise
system          >   23: filename=texgyrepagella-italic filetype=otf format=otf foundname=/home/niklas/context/tex/texmf/fonts/data/gust/tex-gyre/pagella/texgyrepagella-italic.otf fullname=/home/niklas/context/tex/texmf/fonts/data/gust/tex-gyre/pagella/texgyrepagella-italic.otf usedmethod=otherwise
system          >   24: filename=metafun.mpxl filetype=mp foundname=/home/niklas/context/tex/texmf-context/metapost/context/base/mpxl/metafun.mpxl fullname=/home/niklas/context/tex/texmf-context/metapost/context/base/mpxl/metafun.mpxl usedmethod=otherwise
system          >   25: filename=mp-base.mpxl filetype=mp foundname=/home/niklas/context/tex/texmf-context/metapost/context/base/mpxl/mp-base.mpxl fullname=/home/niklas/context/tex/texmf-context/metapost/context/base/mpxl/mp-base.mpxl usedmethod=otherwise
system          >   26: filename=mp-tool.mpxl filetype=mp foundname=/home/niklas/context/tex/texmf-context/metapost/context/base/mpxl/mp-tool.mpxl fullname=/home/niklas/context/tex/texmf-context/metapost/context/base/mpxl/mp-tool.mpxl usedmethod=otherwise
system          >   27: filename=mp-luas.mpxl filetype=mp foundname=/home/niklas/context/tex/texmf-context/metapost/context/base/mpxl/mp-luas.mpxl fullname=/home/niklas/context/tex/texmf-context/metapost/context/base/mpxl/mp-luas.mpxl usedmethod=otherwise
system          >   28: filename=mp-mlib.mpxl filetype=mp foundname=/home/niklas/context/tex/texmf-context/metapost/context/base/mpxl/mp-mlib.mpxl fullname=/home/niklas/context/tex/texmf-context/metapost/context/base/mpxl/mp-mlib.mpxl usedmethod=otherwise
system          >   29: filename=mp-math.mpxl filetype=mp foundname=/home/niklas/context/tex/texmf-context/metapost/context/base/mpxl/mp-math.mpxl fullname=/home/niklas/context/tex/texmf-context/metapost/context/base/mpxl/mp-math.mpxl usedmethod=otherwise
system          >   30: filename=mp-cont.mpxl filetype=mp foundname=/home/niklas/context/tex/texmf-context/metapost/context/base/mpxl/mp-cont.mpxl fullname=/home/niklas/context/tex/texmf-context/metapost/context/base/mpxl/mp-cont.mpxl usedmethod=otherwise
system          >   31: filename=mp-page.mpxl filetype=mp foundname=/home/niklas/context/tex/texmf-context/metapost/context/base/mpxl/mp-page.mpxl fullname=/home/niklas/context/tex/texmf-context/metapost/context/base/mpxl/mp-page.mpxl usedmethod=otherwise
system          >   32: filename=mp-butt.mpxl filetype=mp foundname=/home/niklas/context/tex/texmf-context/metapost/context/base/mpxl/mp-butt.mpxl fullname=/home/niklas/context/tex/texmf-context/metapost/context/base/mpxl/mp-butt.mpxl usedmethod=otherwise
system          >   33: filename=mp-shap.mpxl filetype=mp foundname=/home/niklas/context/tex/texmf-context/metapost/context/base/mpxl/mp-shap.mpxl fullname=/home/niklas/context/tex/texmf-context/metapost/context/base/mpxl/mp-shap.mpxl usedmethod=otherwise
system          >   34: filename=mp-grph.mpxl filetype=mp foundname=/home/niklas/context/tex/texmf-context/metapost/context/base/mpxl/mp-grph.mpxl fullname=/home/niklas/context/tex/texmf-context/metapost/context/base/mpxl/mp-grph.mpxl usedmethod=otherwise
system          >   35: filename=mp-grid.mpxl filetype=mp foundname=/home/niklas/context/tex/texmf-context/metapost/context/base/mpxl/mp-grid.mpxl fullname=/home/niklas/context/tex/texmf-context/metapost/context/base/mpxl/mp-grid.mpxl usedmethod=otherwise
system          >   36: filename=mp-form.mpxl filetype=mp foundname=/home/niklas/context/tex/texmf-context/metapost/context/base/mpxl/mp-form.mpxl fullname=/home/niklas/context/tex/texmf-context/metapost/context/base/mpxl/mp-form.mpxl usedmethod=otherwise
system          >   37: filename=mp-figs.mpxl filetype=mp foundname=/home/niklas/context/tex/texmf-context/metapost/context/base/mpxl/mp-figs.mpxl fullname=/home/niklas/context/tex/texmf-context/metapost/context/base/mpxl/mp-figs.mpxl usedmethod=otherwise
system          >   38: filename=mp-func.mpxl filetype=mp foundname=/home/niklas/context/tex/texmf-context/metapost/context/base/mpxl/mp-func.mpxl fullname=/home/niklas/context/tex/texmf-context/metapost/context/base/mpxl/mp-func.mpxl usedmethod=otherwise
system          >   39: filename=mp-node.mpxl filetype=mp foundname=/home/niklas/context/tex/texmf-context/metapost/context/base/mpxl/mp-node.mpxl fullname=/home/niklas/context/tex/texmf-context/metapost/context/base/mpxl/mp-node.mpxl usedmethod=otherwise
system          >   40: filename=mp-apos.mpxl filetype=mp foundname=/home/niklas/context/tex/texmf-context/metapost/context/base/mpxl/mp-apos.mpxl fullname=/home/niklas/context/tex/texmf-context/metapost/context/base/mpxl/mp-apos.mpxl usedmethod=otherwise
system          >   41: filename=mp-abck.mpxl filetype=mp foundname=/home/niklas/context/tex/texmf-context/metapost/context/base/mpxl/mp-abck.mpxl fullname=/home/niklas/context/tex/texmf-context/metapost/context/base/mpxl/mp-abck.mpxl usedmethod=otherwise
system          >   42: filename=mp-asnc.mpxl filetype=mp foundname=/home/niklas/context/tex/texmf-context/metapost/context/base/mpxl/mp-asnc.mpxl fullname=/home/niklas/context/tex/texmf-context/metapost/context/base/mpxl/mp-asnc.mpxl usedmethod=otherwise
system          >   43: filename=mp-blob.mpxl filetype=mp foundname=/home/niklas/context/tex/texmf-context/metapost/context/base/mpxl/mp-blob.mpxl fullname=/home/niklas/context/tex/texmf-context/metapost/context/base/mpxl/mp-blob.mpxl usedmethod=otherwise
system          >   44: filename=mp-lmtx.mpxl filetype=mp foundname=/home/niklas/context/tex/texmf-context/metapost/context/base/mpxl/mp-lmtx.mpxl fullname=/home/niklas/context/tex/texmf-context/metapost/context/base/mpxl/mp-lmtx.mpxl usedmethod=otherwise
system          >   45: filename=mp-text.mpxl filetype=mp foundname=/home/niklas/context/tex/texmf-context/metapost/context/base/mpxl/mp-text.mpxl fullname=/home/niklas/context/tex/texmf-context/metapost/context/base/mpxl/mp-text.mpxl usedmethod=otherwise
system          >   46: filename=mp-crop.mpiv filetype=mp foundname=/home/niklas/context/tex/texmf-context/metapost/context/base/mpiv/mp-crop.mpiv fullname=/home/niklas/context/tex/texmf-context/metapost/context/base/mpiv/mp-crop.mpiv usedmethod=otherwise
system          >   47: filename=c_act_2.tex format=tex foundname=c_act_2.tex fullname=/home/niklas/projects/schule/msnd_youth/c_act_2.tex usedmethod=direct
system          >   48: filename=texgyrepagella-bolditalic filetype=otf format=otf foundname=/home/niklas/context/tex/texmf/fonts/data/gust/tex-gyre/pagella/texgyrepagella-bolditalic.otf fullname=/home/niklas/context/tex/texmf/fonts/data/gust/tex-gyre/pagella/texgyrepagella-bolditalic.otf usedmethod=otherwise
system          >   49: filename=lpdf-pdx.xml filetype=tex foundname=/home/niklas/context/tex/texmf-context/tex/context/base/mkiv/lpdf-pdx.xml fullname=/home/niklas/context/tex/texmf-context/tex/context/base/mkiv/lpdf-pdx.xml usedmethod=otherwise
system          > stop used files
system          > start commandline options
system          >   currentrun="1"
system          >   fulljobname="./prd_midsummer_youth.tex"
system          >   input="./prd_midsummer_youth.tex"
system          >   kindofrun="1"
system          >   maxnofruns="9"
system          >   texmfbinpath="/home/niklas/context/tex/texmf-linux-64/bin"
system          > stop commandline options
system          > start commandline files
system          >    1: ./prd_midsummer_youth.tex
system          > stop commandline files
modules         > start used modules
modules         > stop used modules
system          > 
system          > status after finishing run
system          > 
system          >   -----------------------------------------------------------------------------------------------------------------------------------------------------------------------------------
system          >           string       pool       hash     lookup       node      token     buffer      input       file       nest  parameter       save       font   language       mark     insert
system          >   -----------------------------------------------------------------------------------------------------------------------------------------------------------------------------------
system          >   max    2097152  100000000    2097152    2097152  100000000   10000000  100000000     100000       2000      10000     100000     500000     100000      10000      10000        500
system          >   min     150000   10000000     150000     150000    2000000    2000000    1000000      10000        500       1000      20000     100000        250        250         50         10
system          >   set     500000   10000000     250000     250000   50000000   10000000   10000000     100000       2000      10000     100000     500000     100000        250        250        250
system          >   stp     100000    1000000     100000     100000     500000     500000    1000000      10000        250       1000      10000      10000        250        250         50         25
system          > 
system          >   mem     150000    1054918     150000               2000000    2000000    1000000      10000        500       1000      20000      10000   13931528         96       1200        320
system          >   all    2400000    1054918    2400000              18000000   16000000    1000000     320000      16000      80000      80000     160000   13931528         96      28800      10240
system          > 
system          >   ini    2147668     963364          0      50499          0     557271                                                                                       0                      
system          >   ptr      54262                  7867      54245                623206          0          0          0          0          0          0         48          0         28          9
system          >   top      54263                938189     262146      20138     630921        527         45         11         14         43        353        250        250         50         10
system          >   -----------------------------------------------------------------------------------------------------------------------------------------------------------------------------------
system          > 
system          >   current input type    : initial
system          > 
system          >   approximate memory    : 59733854 (56 MB)
system          > 
system          >   expansion depth       : min: 10000, max: 1000000, set: 10000, top: 8
system          > 
system          >   luabytecode registers : 1025
system          >   luabytecode bytes     : 16416 (0 MB)
system          >   luastate bytes now    : 93075884 (88 MB)
system          >   luastate bytes max    : 93075884 (88 MB)
system          > 
system          >   file callbacks        : 628
system          >   saved callbacks       : 1175
system          >   direct callbacks      : 2
system          >   function callbacks    : 1662
system          >   value callbacks       : 1264
system          >   message callbacks     : 0
system          >   bytecode callbacks    : 631
system          > 
system          >   mp instances          : 1
system          >   mp estimated memory   : 4423728 (4 MB)
system          >   mp file callbacks     : 14637
system          >   mp text callbacks     : 0
system          >   mp script callbacks   : 419
system          >   mp log callbacks      : 44
system          > 
system          >   total callbacks       : 5362
system          >   mp total callbacks    : 15100
system          >   backend callbacks     : 0
system          > 
system          >   linebreak statistics  : context      calls     first    second     final  passonly   subpass
system          > 
system          >   linebreak statistics  : normal          37        37         0         7         0         0
system          >   linebreak statistics  : vbox            17        17         0         0         0         0
system          > 
system          >   linebreak statistics  :                 54        54         0         7         0         0
system          > 
system          >   hyphenation state     : checked         68
system          >   hyphenation state     : hyphenated      19
system          >   hyphenation state     : lists           68
system          >   hyphenation state     : nothing         57
system          >   hyphenation state     : words           85
system          > 
mkiv lua stats  > used config file: selfautoparent:/texmf/web2c/texmfcnf.lua
mkiv lua stats  > used cache path: /home/niklas/context/tex/texmf-cache/luametatex-cache/context/5fe67e0bfe781ce0dde776fb1556f32e
mkiv lua stats  > resource resolver: loadtime 0.020 seconds, 4 scans with scantime 0.018 seconds, 0 shared scans, 49 found files, scanned paths: /home/niklas/context/tex/texmf /home/niklas/context/tex/texmf-context /home/niklas/context/tex/texmf-fonts /home/niklas/texmf
mkiv lua stats  > stored bytecode data: 525 modules (0.208 sec), 106 tables (0.010 sec), 631 chunks (0.218 sec)
mkiv lua stats  > traced context: maxstack: 1796, freed: 4, unreachable: 1792
mkiv lua stats  > cleaned up reserved nodes: 78 nodes, 9 lists of 438
mkiv lua stats  > node memory usage: 18 attribute, 2 glue, 133 gluespec, 1 kern, 655 mathspec, 3 penalty, 26 specification, 2 temp
mkiv lua stats  > node list callback tasks: 16 unique task lists, 11 instances (re)created, 415 calls
mkiv lua stats  > used backend: pdf
mkiv lua stats  > jobdata time: 0.001 seconds saving, 0.000 seconds loading
mkiv lua stats  > callbacks: file: 628, saved: 1175, direct: 2, function: 1662, value: 1264, message: 0, bytecode: 631, late 0, total: 5362 (1341 per page)
mkiv lua stats  > randomizer: resumed with value 0.25510922814150216
mkiv lua stats  > loaded patterns: en::1, load time: 0.000
mkiv lua stats  > loaded fonts: 9 files: latinmodernmathcompanion-regular.otf, texgyrepagellamathcompanion-regular.otf, latinmodern-math.otf, lmroman10-regular.otf, texgyrepagella-bold.otf, texgyrepagella-bolditalic.otf, texgyrepagella-italic.otf, texgyrepagella-math.otf, texgyrepagella-regular.otf
mkiv lua stats  > font engine: otf 3.144, afm 1.541, tfm 1.000, 32 instances, 19 shared in backend, 8 common vectors, 11 common hashes, load time 0.548 seconds 
mkiv lua stats  > metapost: 0.006 seconds, loading: 0.065, execution: 0.005, n: 7, average: 0.011, instances: 1, luacalls: 15100 (file: 14637, text: 0, script: 419, log: 44), memory: 4.219 M
mkiv lua stats  > math tweaking time: 0.190 seconds, 36 math goodie tables
mkiv lua stats  > font embedding time: 0.008 seconds, 4 fonts
mkiv lua stats  > result saved in file: prd_midsummer_youth.pdf, compresslevel 1, objectcompresslevel 3, 18 streams, 0 uncompressed, 17 compressed, 1 not compressed, threshold 40
mkiv lua stats  > positions: 4 collected, 0 deltas, 0 shared partials, 0 partial entries
mkiv lua stats  > used platform: linux-64, type: unix, binary subtree: texmf-linux-64
mkiv lua stats  > used engine: luametatex version: 2.11.06, functionality level: 20241101, format id: 711, compiler: gcc
mkiv lua stats  > tex properties: 938189 hash slots used of 2097152, 54245 control sequences, approximate memory usage: 56 MB
mkiv lua stats  > lua properties: engine: lua 5.5, format 2, used memory: 91 MB, ctx: 88 MB, max: 88 MB, symbol mask: utf (τεχ)
mkiv lua stats  > runtime: 0.988 seconds, 4 processed pages, 4 shipped pages, 4.049 pages/second
